epoch,acc,loss,top_k_categorical_accuracy,val_acc,val_loss,val_top_k_categorical_accuracy
0,0.441927545054,1.43835074152,0.981158538199,0.430779000847,1.55343701736,0.99449618967
1,0.556590542224,1.0913880317,0.997433115457,0.62849280271,0.958885122315,0.998200677392
2,0.594220540369,0.98480082416,0.998279922729,0.642464013548,0.888398534155,0.998729889924
3,0.621450686708,0.917769228282,0.998809177274,0.719093988146,0.721615592092,0.999259102456
4,0.652438540318,0.855355771413,0.999179655455,0.664690939881,0.854976310001,0.99883573243
5,0.679192357565,0.791844293435,0.999311969092,0.587743437765,0.996270505959,0.999364944962
6,0.699595120274,0.743338612425,0.999497208182,0.615791701948,0.94367036178,0.999576629975
7,0.720553600257,0.686275813588,0.999497208182,0.585203217612,1.08529946146,0.998624047417
8,0.737780835693,0.638556539782,0.99970891,0.637066045724,0.95913164686,0.999047417443
9,0.792638069281,0.502735901146,0.999867686364,0.721951735817,0.701207419165,0.999788314987
10,0.800682738365,0.467889333403,0.999894149091,0.723221845893,0.697347422262,0.999682472481
11,0.805102013815,0.450691568282,0.999867686364,0.737510584251,0.676991719163,0.999576629975
12,0.813808251078,0.42983534009,0.999973537273,0.733488569009,0.697974911018,0.999576629975
13,0.818359840168,0.412731927157,0.999973537273,0.741532599492,0.666483314788,0.999682472481
14,0.821508904709,0.397825100834,0.999920611818,0.749470787468,0.649043795431,0.999576629975
15,0.829288946519,0.376998203556,0.999894149091,0.735076206605,0.689863641947,0.999576629975
16,0.831961681973,0.366269542282,0.999947074546,0.74216765453,0.670268099462,0.999682472481
17,0.837942258332,0.351163163128,1.0,0.744072819644,0.676848829505,0.999682472481
18,0.842943713779,0.337493650686,0.999973537273,0.765876375953,0.618619918921,0.999788314987
19,0.846622032867,0.323964044958,0.999973537273,0.711155800169,0.780383378375,0.999153259949
20,0.850803143772,0.307072331012,0.999947074546,0.762277730737,0.64215202375,0.999682472481
21,0.857921617402,0.293684953793,0.999920611818,0.732853513971,0.720573457455,0.999470787468
22,0.861414697402,0.278369343751,0.999973537273,0.750423370025,0.678530444169,0.999576629975
23,0.86824208103,0.264656396677,0.999973537273,0.753598645216,0.675691111491,0.999470787468
24,0.870147397391,0.255360107618,1.0,0.754551227773,0.672702965026,0.999470787468
25,0.876524914659,0.239740308305,1.0,0.749682472481,0.696390284372,0.999364944962
26,0.881155891926,0.226631007164,1.0,0.770427603726,0.644093895661,0.999788314987
27,0.883537537379,0.219765944122,1.0,0.753704487722,0.691123881755,0.999576629975
28,0.890470771918,0.207073709189,0.999973537273,0.751587637595,0.707024402863,0.999470787468
29,0.893487522824,0.19416993646,1.0,0.750529212532,0.724137084992,0.999576629975
30,0.899865040093,0.186069447734,1.0,0.735393734124,0.763798112717,0.999576629975
31,0.902908253725,0.172211388498,1.0,0.757197290432,0.707000092732,0.999470787468
32,0.909867950991,0.162406226524,1.0,0.745448772227,0.746782115983,0.999682472481
33,0.914551853714,0.155662650025,1.0,0.73983911939,0.764508324285,0.999682472481
34,0.918071396438,0.146953251081,1.0,0.757620660457,0.709319841019,0.999364944962
35,0.922834687343,0.137093833594,1.0,0.767569856054,0.694275507468,0.999470787468
36,0.927412739157,0.128150713881,1.0,0.761960203218,0.737711068328,0.999470787468
37,0.932281880971,0.121126152086,1.0,0.756456392887,0.749312625632,0.999682472481
38,0.936939320966,0.113003226273,1.0,0.737087214225,0.81341533066,0.999364944962
39,0.940988118235,0.107179872138,1.0,0.762489415749,0.733942317777,0.999470787468
40,0.943872555507,0.100346022257,1.0,0.769051651143,0.732501590921,0.999576629975
41,0.949879594591,0.0927523912728,1.0,0.755821337849,0.780019248895,0.999259102456
42,0.950647013681,0.0879714814453,1.0,0.767675698561,0.761231121171,0.999364944962
43,0.954537034587,0.0819982588283,1.0,0.763441998307,0.787188061154,0.999576629975
44,0.958612294583,0.0763296917204,1.0,0.774237933954,0.73515919037,0.999576629975
45,0.961946598216,0.0708148790504,1.0,0.758784928027,0.816157905921,0.999470787468
46,0.965598454577,0.0666321696071,1.0,0.759737510584,0.816587284452,0.999682472481
47,0.968535817301,0.0617486510249,1.0,0.763653683319,0.821002147207,0.999470787468
48,0.972002434571,0.057838201464,1.0,0.75783234547,0.851341792534,0.999576629975
49,0.97210828548,0.055464068971,1.0,0.770850973751,0.810632127213,0.999470787468
50,0.976765725477,0.049983122863,1.0,0.756350550381,0.877235555845,0.999364944962
51,0.977718383657,0.0469778447604,1.0,0.769369178662,0.805658225414,0.999576629975
52,0.979359072748,0.0439952838485,1.0,0.761748518205,0.870171099936,0.999364944962
53,0.982164121834,0.0411345678059,1.0,0.770321761219,0.831657279515,0.999470787468
54,0.983063854561,0.0389936183974,1.0,0.7633361558,0.863449575088,0.999470787468
55,0.985657201831,0.0355917914707,1.0,0.772438611346,0.840363295009,0.999576629975
56,0.985815978195,0.0331230869934,1.0,0.747248094835,0.919391616077,0.999576629975
57,0.988250549102,0.031402456773,1.0,0.75349280271,0.901768832134,0.999470787468
58,0.988753340919,0.0294945767529,1.0,0.764288738357,0.910146956996,0.999470787468
59,0.991214374553,0.0266323444963,1.0,0.771380186283,0.883475201489,0.999576629975
60,0.992193495463,0.0251699684316,1.0,0.76883996613,0.902897431526,0.999682472481
61,0.992828600916,0.0230986537065,1.0,0.771909398815,0.886093785774,0.999470787468
0,0.808648019243,0.464349052531,0.999947074546,0.759843353091,0.628046049343,0.999894157494
1,0.820212231079,0.429317079168,0.999973537273,0.756562235394,0.633912207664,0.999894157494
2,0.825319537452,0.410424932456,0.999973537273,0.742379339543,0.669045659317,0.999682472481
3,0.827912884708,0.397099917859,0.999947074546,0.765982218459,0.6057165417,0.999788314987
4,0.833364206521,0.382184743052,0.999973537273,0.747777307367,0.656250308672,0.999682472481
5,0.838233348318,0.368920660105,1.0,0.763441998307,0.619484231696,0.999788314987
6,0.842149831982,0.35726495286,0.999973537273,0.758361558002,0.6379173665,0.999576629975
7,0.847680541974,0.343090634262,0.999947074546,0.748200677392,0.66985246683,0.999470787468
8,0.850035724671,0.331679424208,0.999947074546,0.752434377646,0.665325271639,0.999364944962
9,0.855434121061,0.312123516002,0.999973537273,0.766299745978,0.622333058455,0.999470787468
10,0.85879488739,0.311450709597,0.999973537273,0.76883996613,0.616971279886,0.999576629975
11,0.859721082844,0.309434943628,0.999947074546,0.764288738357,0.629073661631,0.999470787468
12,0.861123607402,0.30795358975,0.999947074546,0.765982218459,0.625548206831,0.999470787468
13,0.858450871967,0.307680896646,1.0,0.767781541067,0.622161696918,0.999470787468
14,0.860779591965,0.30532504908,0.999973537273,0.767569856054,0.622634432358,0.999470787468
15,0.860065098287,0.306313667095,0.999973537273,0.762701100762,0.638460581733,0.999470787468
16,0.861520548314,0.302897874914,0.999973537273,0.765982218459,0.626681880109,0.999470787468
17,0.860858980144,0.303282972607,0.999973537273,0.762595258256,0.637177024122,0.999470787468
18,0.861996877401,0.29898168853,0.999973537273,0.765982218459,0.62987119449,0.999470787468
19,0.861520548311,0.29942681554,1.0,0.764077053345,0.635685525084,0.999470787468
20,0.863372939221,0.297788788325,0.999947074546,0.763971210838,0.632642305422,0.999470787468
21,0.864722538311,0.296164981497,0.999920611818,0.764606265876,0.633583347339,0.999470787468
22,0.863955119204,0.29383913795,0.999973537273,0.767040643522,0.62695216315,0.999470787468
23,0.86421974649,0.294738715453,0.999973537273,0.767146486029,0.628762826891,0.999470787468
24,0.865807510125,0.292667732883,0.999973537273,0.767146486029,0.630174037867,0.999576629975
25,0.864643150112,0.291530568789,0.999973537273,0.76682895851,0.627524603332,0.999470787468
26,0.864854851927,0.291422949721,0.999973537273,0.76799322608,0.628222256016,0.999470787468
27,0.864008044658,0.289913385051,0.999947074546,0.766511430991,0.632563639858,0.999470787468
28,0.867077721022,0.28849248017,1.0,0.764606265876,0.638066031689,0.999470787468
29,0.867183571942,0.286022734022,0.999973537273,0.766723116003,0.63187851818,0.999470787468
30,0.867157109229,0.285518472181,1.0,0.766723116003,0.631855971424,0.999470787468
31,0.867845140137,0.284644261822,0.999947074546,0.769580863675,0.624852291767,0.999470787468
32,0.868162692868,0.282467128905,1.0,0.767358171041,0.635486756514,0.999470787468
33,0.866680780142,0.285128864305,0.999973537273,0.768945808637,0.628200140573,0.999470787468
34,0.869697531017,0.27974878049,0.999947074546,0.771380186283,0.621240321304,0.999470787468
35,0.870200322834,0.279333751689,0.999973537273,0.76799322608,0.627471834144,0.999470787468
36,0.869247664667,0.277993051787,0.999973537273,0.76883996613,0.628492484549,0.999470787468
37,0.869035962867,0.277137827248,0.999947074546,0.765135478408,0.637531367426,0.999470787468
38,0.869274127395,0.277277496312,0.999973537273,0.76799322608,0.630129060031,0.999470787468
39,0.87133822012,0.273260956489,0.999973537273,0.766934801016,0.636296409101,0.999470787468
40,0.872079176483,0.27353033411,1.0,0.768310753599,0.63370554433,0.999470787468
41,0.87398449282,0.270805047364,0.999973537273,0.767464013548,0.634570292857,0.999470787468
42,0.873402312828,0.271345009406,1.0,0.766617273497,0.635691913985,0.999470787468
43,0.87387864195,0.271305131497,0.999973537273,0.770533446232,0.623451242247,0.999470787468
44,0.873137685573,0.269692157338,1.0,0.768945808637,0.632852863498,0.999470787468
45,0.873058297391,0.266847811754,1.0,0.770850973751,0.626902085104,0.999470787468
46,0.873666940118,0.266391338363,0.999973537273,0.765770533446,0.643535812511,0.999364944962
47,0.874063881009,0.265320580643,0.999947074546,0.769263336156,0.630692087272,0.999470787468
48,0.874037418299,0.265151099312,0.999973537273,0.772121083827,0.629958117543,0.999470787468
49,0.875360554662,0.26331283736,1.0,0.768628281118,0.634622094088,0.999364944962
50,0.875942734647,0.259205249714,0.999973537273,0.768204911092,0.634403266713,0.999364944962
51,0.876127973752,0.261770237613,1.0,0.770639288738,0.630160697227,0.999470787468
52,0.875360554676,0.259003526032,1.0,0.770321761219,0.630659443105,0.999470787468
53,0.877345259223,0.257484218312,0.999973537273,0.767040643522,0.640043731366,0.999364944962
54,0.877212945572,0.257639034376,0.999947074546,0.768628281118,0.633027839368,0.999470787468
55,0.878218529219,0.256043292971,1.0,0.771591871296,0.629550502777,0.999470787468
56,0.877318796478,0.255227633217,0.999947074546,0.771591871296,0.627048628245,0.999576629975
57,0.877212945569,0.253557628614,0.999973537273,0.771486028789,0.627407365033,0.999470787468
58,0.879329963763,0.25216263398,0.999973537273,0.770427603726,0.628489326462,0.999470787468
59,0.878297917369,0.252110857305,0.999973537273,0.769051651143,0.635921879253,0.999364944962
60,0.879912143766,0.250638026219,0.999973537273,0.770321761219,0.630343101471,0.999364944962
61,0.88057371193,0.24933007277,0.999973537273,0.769369178662,0.63693337391,0.999364944962
62,0.878139141023,0.247814855512,0.999947074546,0.770639288738,0.630008210377,0.999364944962
63,0.880864801915,0.246968234908,0.999973537273,0.76883996613,0.639344799428,0.999364944962
64,0.881420519219,0.245234002409,1.0,0.766723116003,0.643667117405,0.999364944962
65,0.880362010098,0.246153338085,0.999973537273,0.767464013548,0.639006822822,0.999364944962
66,0.881526370097,0.244059955361,0.999973537273,0.770850973751,0.631933968164,0.999470787468
67,0.882902431903,0.241699080993,0.999973537273,0.763653683319,0.650845134591,0.999364944962
68,0.881817460125,0.241849962652,0.999973537273,0.769580863675,0.635286615674,0.999470787468
69,0.882135012855,0.240536752138,0.999973537273,0.770956816257,0.633962454582,0.999470787468
70,0.884357881909,0.23748794299,1.0,0.768945808637,0.639301709358,0.999364944962
71,0.882690730092,0.237604959599,0.999973537273,0.768522438611,0.64028868324,0.999364944962
72,0.88184392282,0.237277314749,1.0,0.768628281118,0.64063412592,0.999364944962
73,0.885522241943,0.235062671373,0.999973537273,0.769263336156,0.635707426838,0.999470787468
74,0.885045912821,0.234855051145,1.0,0.773602878916,0.629528135541,0.999364944962
75,0.885284077366,0.233579714036,0.999973537273,0.765876375953,0.647626198822,0.999364944962
76,0.885416391034,0.232598196524,1.0,0.772967823878,0.632212205573,0.999364944962
77,0.88658075103,0.231693366553,0.999973537273,0.767675698561,0.642570605226,0.999364944962
78,0.88562809282,0.2310447337,0.999973537273,0.768945808637,0.641501353718,0.999364944962
79,0.88607795918,0.229578055843,0.999973537273,0.768310753599,0.641876854501,0.999364944962
80,0.886342586456,0.228804517912,0.999973537273,0.772756138865,0.628591500835,0.999470787468
81,0.887268781924,0.227132415481,0.999973537273,0.768204911092,0.641435679594,0.999364944962
82,0.887665722818,0.226094214744,0.999973537273,0.769157493649,0.644074236055,0.999364944962
83,0.887268781941,0.226823623819,0.999973537273,0.771591871296,0.634740566824,0.999470787468
84,0.88705708012,0.224171907595,1.0,0.771274343776,0.636026567266,0.999470787468
85,0.889359337362,0.223801514865,0.999973537273,0.767040643522,0.648778806391,0.999470787468
86,0.88896239645,0.222359965581,1.0,0.767781541067,0.645241615835,0.999470787468
87,0.88816851465,0.221719430109,0.999973537273,0.769051651143,0.642161330311,0.999470787468
88,0.890788324634,0.218067733103,0.999973537273,0.768099068586,0.646279017467,0.999470787468
89,0.889915054634,0.219616100676,1.0,0.771803556308,0.634750360508,0.999470787468
90,0.891873296448,0.21677611844,0.999973537273,0.769686706181,0.643717820113,0.999470787468
91,0.89131757921,0.217731168146,0.999973537273,0.76799322608,0.647717245093,0.999470787468
92,0.892296700087,0.215129642384,1.0,0.770110076207,0.642632199182,0.999470787468
93,0.892746566464,0.214416009546,1.0,0.772438611346,0.635945952918,0.999470787468
94,0.893805075537,0.212888458571,0.999973537273,0.768204911092,0.648052864818,0.999470787468
95,0.894202016463,0.213284134667,1.0,0.767252328535,0.650543632344,0.999470787468
96,0.893249358265,0.21361286474,0.999973537273,0.773602878916,0.634719294224,0.999470787468
97,0.894122628281,0.210796195508,0.999973537273,0.7700042337,0.6437498109,0.999470787468
98,0.894043240082,0.209592663837,1.0,0.76883996613,0.646112557138,0.999470787468
99,0.894307867355,0.208998778518,1.0,0.768628281118,0.647837885197,0.999470787468
100,0.893355209191,0.207928995561,0.999973537273,0.771380186283,0.639862437959,0.999470787468
101,0.89586916828,0.207577655151,1.0,0.771062658764,0.645122233485,0.999470787468
102,0.896901214625,0.204313529069,1.0,0.767569856054,0.652970493647,0.999470787468
103,0.897139379205,0.203580415873,1.0,0.772121083827,0.6415855772,0.999470787468
104,0.89713937917,0.20395389364,1.0,0.771062658764,0.643116593664,0.999470787468
105,0.895816242828,0.202818802513,1.0,0.768310753599,0.652441789345,0.999470787468
106,0.896107332842,0.202762558853,0.999973537273,0.772967823878,0.64285848819,0.999470787468
107,0.898594829186,0.201257023118,1.0,0.770215918713,0.651781681127,0.999470787468
108,0.897165841912,0.201598174468,1.0,0.769686706181,0.648363201826,0.999470787468
109,0.899388711004,0.198004467774,1.0,0.767781541067,0.657150650105,0.999470787468
110,0.897642170988,0.196940303011,0.999973537273,0.770533446232,0.646793111414,0.999470787468
111,0.89965333829,0.196574546259,0.999973537273,0.770745131245,0.645991131525,0.999470787468
112,0.900129667381,0.196334121595,0.999973537273,0.772650296359,0.649180773302,0.999470787468
113,0.89954748735,0.195580793183,0.999973537273,0.767569856054,0.658100761467,0.999470787468
114,0.899732726472,0.194042607007,1.0,0.771909398815,0.642932529575,0.999470787468
115,0.89909762099,0.193135667959,0.999973537273,0.769792548688,0.653575091267,0.999470787468
116,0.901717431008,0.19143168423,1.0,0.770321761219,0.652526122145,0.999470787468
117,0.901055862806,0.191094275116,1.0,0.772121083827,0.647125855833,0.999470787468
118,0.901161713715,0.190367735488,0.999973537273,0.772967823878,0.646264157893,0.999470787468
119,0.902908253745,0.189178030945,1.0,0.771909398815,0.650583947492,0.999470787468
120,0.901796819166,0.189090696505,0.999973537273,0.773708721423,0.64966748535,0.999470787468
121,0.902220222802,0.188151564034,1.0,0.77582557155,0.641985769548,0.999470787468
122,0.904390166454,0.186287992212,0.999973537273,0.770321761219,0.653961884178,0.999470787468
123,0.904019688261,0.184795620071,1.0,0.77582557155,0.643105710542,0.999470787468
124,0.903516896455,0.18548557544,0.999973537273,0.769051651143,0.654429121405,0.999470787468
125,0.905316361896,0.183621057599,0.999973537273,0.772015241321,0.646164529966,0.999470787468
126,0.904601868269,0.182968308039,0.999973537273,0.773920406435,0.643087482775,0.999470787468
127,0.906507184634,0.182054507486,0.999973537273,0.771380186283,0.654930212556,0.999470787468
128,0.906427796435,0.18004395033,0.999973537273,0.771697713802,0.653894213778,0.999470787468
129,0.906824737346,0.180587212506,1.0,0.770639288738,0.65504480887,0.999470787468
130,0.905792691012,0.180441440772,1.0,0.771909398815,0.655871501573,0.999470787468
131,0.906295482798,0.179102495514,1.0,0.7700042337,0.656140956406,0.999470787468
132,0.907618619175,0.177016716673,1.0,0.770956816257,0.658190377479,0.999470787468
133,0.906771811892,0.177890029442,0.999973537273,0.772015241321,0.653516248916,0.999470787468
134,0.907221678284,0.177015464277,1.0,0.769580863675,0.664230381706,0.999470787468
135,0.90841250101,0.174276283049,1.0,0.772967823878,0.650558969916,0.999470787468
136,0.909391621918,0.174217052352,0.999973537273,0.768628281118,0.662468489099,0.999470787468
137,0.910714758249,0.173100422341,1.0,0.77233276884,0.655538513689,0.999470787468
138,0.909788562827,0.172415598749,0.999973537273,0.770745131245,0.658044885115,0.999470787468
139,0.909391621921,0.17264962407,1.0,0.771062658764,0.658463101282,0.999470787468
140,0.909391621918,0.171190151285,0.999973537273,0.771274343776,0.658463995453,0.999470787468
141,0.91100584828,0.169995048239,1.0,0.77466130398,0.649489165967,0.999470787468
142,0.910476593707,0.170772486355,1.0,0.771909398815,0.657687858391,0.999470787468
143,0.911058773738,0.167670221307,0.999973537273,0.773179508891,0.657052552569,0.999470787468
144,0.913228717358,0.167631260443,1.0,0.774767146486,0.652967846464,0.999470787468
145,0.912778850988,0.167607224356,1.0,0.772544453853,0.660484705105,0.999470787468
146,0.913228717344,0.166424290301,1.0,0.773179508891,0.656383785628,0.999470787468
147,0.912223133737,0.164689771392,1.0,0.774343776461,0.656914303002,0.999470787468
148,0.914234300976,0.164836383726,1.0,0.772967823878,0.660478179582,0.999470787468
149,0.914948794643,0.164257683006,1.0,0.772226926334,0.660816600775,0.999470787468
150,0.91523988464,0.162319265646,1.0,0.772756138865,0.666740089579,0.999470787468
151,0.914049061885,0.161064809447,1.0,0.77233276884,0.662471883384,0.999470787468
152,0.916192542803,0.161344713499,1.0,0.773920406435,0.659822714924,0.999470787468
153,0.916192542807,0.159844539458,0.999973537273,0.773602878916,0.65824301686,0.999470787468
154,0.915425123731,0.159956719497,1.0,0.775719729043,0.650197194149,0.999470787468
155,0.916113154639,0.158341860829,1.0,0.773179508891,0.661763369532,0.999470787468
156,0.916854111002,0.157410059386,1.0,0.772756138865,0.658319752515,0.999470787468
157,0.916457170093,0.157669978762,1.0,0.773285351397,0.662148077795,0.999576629975
158,0.915689750975,0.157507264965,1.0,0.773179508891,0.662376613359,0.999470787468
159,0.91815078464,0.155654081581,1.0,0.771697713802,0.664242849675,0.999470787468
160,0.918997591909,0.153755305792,1.0,0.773814563929,0.658780885692,0.999576629975
161,0.918044933697,0.154802589236,1.0,0.77466130398,0.657106576533,0.999470787468
162,0.919659160059,0.15359388791,1.0,0.774555461473,0.666680184489,0.999470787468
163,0.918997591895,0.151998472267,1.0,0.776143099069,0.662435382882,0.999470787468
164,0.920347190982,0.152054992366,1.0,0.775931414056,0.656706426226,0.999576629975
165,0.92000317553,0.150328756965,1.0,0.773920406435,0.660389769138,0.999470787468
166,0.920426579181,0.149180802984,1.0,0.773179508891,0.66553188632,0.999470787468
167,0.921643864617,0.149115211724,1.0,0.774237933954,0.664310466728,0.999470787468
